{"C:\\dev\\inversion-of-control\\ioc\\constants\\weatherApi.js": {"path":"C:\\dev\\inversion-of-control\\ioc\\constants\\weatherApi.js","statementMap":{"0":{"start":{"line":1,"column":36},"end":{"line":1,"column":70}}},"fnMap":{},"branchMap":{},"s":{"0":1},"f":{},"b":{},"_coverageSchema":"1a1c01bbd47fc00a2c39e90264f33305004495a9","hash":"ecccc9b4df5cf0fa1efa0d0e58c39143333b8717"}
,"C:\\dev\\inversion-of-control\\ioc\\helpers\\fetchData.js": {"path":"C:\\dev\\inversion-of-control\\ioc\\helpers\\fetchData.js","statementMap":{"0":{"start":{"line":3,"column":2},"end":{"line":9,"column":3}},"1":{"start":{"line":4,"column":21},"end":{"line":4,"column":37}},"2":{"start":{"line":5,"column":17},"end":{"line":5,"column":38}},"3":{"start":{"line":6,"column":4},"end":{"line":6,"column":16}},"4":{"start":{"line":8,"column":4},"end":{"line":8,"column":55}}},"fnMap":{"0":{"name":"fetchData","decl":{"start":{"line":2,"column":15},"end":{"line":2,"column":24}},"loc":{"start":{"line":2,"column":30},"end":{"line":10,"column":1}},"line":2}},"branchMap":{},"s":{"0":3,"1":3,"2":3,"3":3,"4":0},"f":{"0":3},"b":{},"_coverageSchema":"1a1c01bbd47fc00a2c39e90264f33305004495a9","hash":"bb1565e99a7582d905861c97a8d17f48fa0d57fd"}
,"C:\\dev\\inversion-of-control\\ioc\\helpers\\searchWeather.js": {"path":"C:\\dev\\inversion-of-control\\ioc\\helpers\\searchWeather.js","statementMap":{"0":{"start":{"line":5,"column":4},"end":{"line":5,"column":21}},"1":{"start":{"line":6,"column":4},"end":{"line":6,"column":25}},"2":{"start":{"line":7,"column":4},"end":{"line":7,"column":104}},"3":{"start":{"line":11,"column":24},"end":{"line":11,"column":49}},"4":{"start":{"line":12,"column":4},"end":{"line":12,"column":23}},"5":{"start":{"line":17,"column":18},"end":{"line":17,"column":43}},"6":{"start":{"line":18,"column":22},"end":{"line":18,"column":48}},"7":{"start":{"line":19,"column":2},"end":{"line":19,"column":21}}},"fnMap":{"0":{"name":"(anonymous_0)","decl":{"start":{"line":4,"column":2},"end":{"line":4,"column":3}},"loc":{"start":{"line":4,"column":28},"end":{"line":8,"column":3}},"line":4},"1":{"name":"(anonymous_1)","decl":{"start":{"line":10,"column":2},"end":{"line":10,"column":3}},"loc":{"start":{"line":10,"column":21},"end":{"line":13,"column":3}},"line":10},"2":{"name":"searchWeather","decl":{"start":{"line":16,"column":15},"end":{"line":16,"column":28}},"loc":{"start":{"line":16,"column":43},"end":{"line":20,"column":1}},"line":16}},"branchMap":{},"s":{"0":3,"1":3,"2":3,"3":3,"4":3,"5":3,"6":3,"7":3},"f":{"0":3,"1":3,"2":3},"b":{},"_coverageSchema":"1a1c01bbd47fc00a2c39e90264f33305004495a9","hash":"b0387340617c758e15c978c385cda3428f63dde7"}
}
